<?xml version="1.0" encoding="UTF-8"?>
<testng-results ignored="0" total="1" passed="1" failed="0" skipped="0">
  <reporter-output>
  </reporter-output>
  <suite started-at="2023-07-26T14:51:54 IST" name="Surefire suite" finished-at="2023-07-26T14:51:59 IST" duration-ms="5100">
    <groups>
    </groups>
    <test started-at="2023-07-26T14:51:54 IST" name="Surefire test" finished-at="2023-07-26T14:51:59 IST" duration-ms="5100">
      <class name="CICDTestMaven.CICDTest.cicdTest">
        <test-method signature="cicd()[pri:0, instance:CICDTestMaven.CICDTest.cicdTest@8b87145]" started-at="2023-07-26T14:51:54 IST" name="cicd" finished-at="2023-07-26T14:51:59 IST" duration-ms="5068" status="PASS">
          <reporter-output>
          </reporter-output>
        </test-method> <!-- cicd -->
      </class> <!-- CICDTestMaven.CICDTest.cicdTest -->
    </test> <!-- Surefire test -->
  </suite> <!-- Surefire suite -->
</testng-results>
