<?xml version="1.0" encoding="UTF-8"?>
<testng-results ignored="0" total="1" passed="1" failed="0" skipped="0">
  <reporter-output>
  </reporter-output>
  <suite started-at="2023-07-25T00:29:54 IST" name="Default suite" finished-at="2023-07-25T00:29:57 IST" duration-ms="2171">
    <groups>
    </groups>
    <test started-at="2023-07-25T00:29:54 IST" name="Default test" finished-at="2023-07-25T00:29:57 IST" duration-ms="2171">
      <class name="CICDTestMaven.CICDTest.cicdTest">
        <test-method signature="cicd()[pri:0, instance:CICDTestMaven.CICDTest.cicdTest@4bb33f74]" started-at="2023-07-25T00:29:54 IST" name="cicd" finished-at="2023-07-25T00:29:57 IST" duration-ms="2137" status="PASS">
          <reporter-output>
          </reporter-output>
        </test-method> <!-- cicd -->
      </class> <!-- CICDTestMaven.CICDTest.cicdTest -->
    </test> <!-- Default test -->
  </suite> <!-- Default suite -->
</testng-results>
